Der Buildvorgang wurde am 04.06.2015 20:19:14 gestartet.
     1>Projekt "C:\Users\Erik\documents\visual studio 2013\Projects\Robotic and Navigation in Medicine\Robotic and Navigation in Medicine\Robotic and Navigation in Medicine.vcxproj" auf Knoten "2", Rebuild Ziel(e).
     1>ClCompile:
         C:\Program Files (x86)\Microsoft Visual Studio 12.0\VC\bin\CL.exe /c /IC:\opencv2.4\opencv\build\x86\vc12\..\..\include /Ic:/boost/boost_1_58_0 /ZI /nologo /W3 /WX- /sdl /Od /Oy- /D _MBCS /Gm /EHsc /RTC1 /MDd /GS /fp:precise /Zc:wchar_t /Zc:forScope /Fo"Debug\\" /Fd"Debug\vc120.pdb" /Gd /TP /analyze- /errorReport:prompt src\main.cpp src\Network\TcpClient.cpp src\Robot\UR5.cpp "src\Ultra Sound\USHandler.cpp"
         USHandler.cpp
     1>c:\users\erik\documents\visual studio 2013\projects\robotic and navigation in medicine\robotic and navigation in medicine\src\ultra sound\ushandler.cpp(48): warning C4018: '<': Konflikt zwischen 'signed' und 'unsigned'
     1>c:\users\erik\documents\visual studio 2013\projects\robotic and navigation in medicine\robotic and navigation in medicine\src\ultra sound\ushandler.cpp(58): warning C4018: '<': Konflikt zwischen 'signed' und 'unsigned'
         UR5.cpp
         Please define _WIN32_WINNT or _WIN32_WINDOWS appropriately. For example:
         - add -D_WIN32_WINNT=0x0501 to the compiler command line; or
         - add _WIN32_WINNT=0x0501 to your project's Preprocessor Definitions.
         Assuming _WIN32_WINNT=0x0501 (i.e. Windows XP target).
         TcpClient.cpp
         Please define _WIN32_WINNT or _WIN32_WINDOWS appropriately. For example:
         - add -D_WIN32_WINNT=0x0501 to the compiler command line; or
         - add _WIN32_WINNT=0x0501 to your project's Preprocessor Definitions.
         Assuming _WIN32_WINNT=0x0501 (i.e. Windows XP target).
         main.cpp
         Please define _WIN32_WINNT or _WIN32_WINDOWS appropriately. For example:
         - add -D_WIN32_WINNT=0x0501 to the compiler command line; or
         - add _WIN32_WINNT=0x0501 to your project's Preprocessor Definitions.
         Assuming _WIN32_WINNT=0x0501 (i.e. Windows XP target).
         Code wird generiert...
       Link:
         C:\Program Files (x86)\Microsoft Visual Studio 12.0\VC\bin\link.exe /ERRORREPORT:PROMPT /OUT:"C:\Users\Erik\documents\visual studio 2013\Projects\Robotic and Navigation in Medicine\Debug\Robotic and Navigation in Medicine.exe" /INCREMENTAL /NOLOGO /LIBPATH:C:\opencv2.4\opencv\build\x86\vc12\lib /LIBPATH:c:/boost/boost_1_58_0/stage/lib opencv_calib3d2411d.lib opencv_contrib2411d.lib opencv_core2411d.lib opencv_features2d2411d.lib opencv_flann2411d.lib opencv_gpu2411d.lib opencv_highgui2411d.lib opencv_imgproc2411d.lib opencv_legacy2411d.lib opencv_ml2411d.lib opencv_nonfree2411d.lib opencv_objdetect2411d.lib opencv_ocl2411d.lib opencv_photo2411d.lib opencv_stitching2411d.lib opencv_superres2411d.lib opencv_ts2411d.lib opencv_video2411d.lib opencv_videostab2411d.lib kernel32.lib user32.lib gdi32.lib winspool.lib comdlg32.lib advapi32.lib shell32.lib ole32.lib oleaut32.lib uuid.lib odbc32.lib odbccp32.lib /MANIFEST /MANIFESTUAC:"level='asInvoker' uiAccess='false'" /manifest:embed /DEBUG /PDB:"C:\Users\Erik\documents\visual studio 2013\Projects\Robotic and Navigation in Medicine\Debug\Robotic and Navigation in Medicine.pdb" /TLBID:1 /DYNAMICBASE /NXCOMPAT /IMPLIB:"C:\Users\Erik\documents\visual studio 2013\Projects\Robotic and Navigation in Medicine\Debug\Robotic and Navigation in Medicine.lib" /MACHINE:X86 Debug\main.obj
         Debug\TcpClient.obj
         Debug\UR5.obj
         Debug\USHandler.obj
         Robotic and Navigation in Medicine.vcxproj -> C:\Users\Erik\documents\visual studio 2013\Projects\Robotic and Navigation in Medicine\Debug\Robotic and Navigation in Medicine.exe
     1>Die Erstellung des Projekts "C:\Users\Erik\documents\visual studio 2013\Projects\Robotic and Navigation in Medicine\Robotic and Navigation in Medicine\Robotic and Navigation in Medicine.vcxproj" ist abgeschlossen, Rebuild Ziel(e).

Build erfolgreich.

Verstrichene Zeit 00:00:07.31
